<?xml version="1.0" encoding="UTF-8"?>
<testsuite name="com.goofy.nutsaver.ExampleUnitTest" tests="1" skipped="0" failures="0" errors="0" timestamp="2025-04-06T00:32:20" hostname="DESKTOP-UN42M6Q" time="0.002">
  <properties/>
  <testcase name="addition_isCorrect" classname="com.goofy.nutsaver.ExampleUnitTest" time="0.002"/>
  <system-out><![CDATA[]]></system-out>
  <system-err><![CDATA[]]></system-err>
</testsuite>
